\BOOKMARK [0][-]{chapter*.1}{\376\377\000R\000e\000m\000e\000r\000c\000i\000e\000m\000e\000n\000t\000s}{}% 1
\BOOKMARK [0][-]{chapter*.1}{\376\377\000R\000e\000m\000e\000r\000c\000i\000e\000m\000e\000n\000t\000s}{}% 2
\BOOKMARK [0][-]{chapter*.2}{\376\377\000R\000\351\000s\000u\000m\000\351}{}% 3
\BOOKMARK [0][-]{chapter*.3}{\376\377\000A\000b\000s\000t\000r\000a\000c\000t}{}% 4
\BOOKMARK [0][-]{chapter*.4}{\376\377\000L\000i\000s\000t\000e\000\040\000d\000e\000s\000\040\000A\000b\000r\000\351\000v\000i\000a\000t\000i\000o\000n\000s}{}% 5
\BOOKMARK [0][-]{chapter*.4}{\376\377\000T\000a\000b\000l\000e\000\040\000d\000e\000s\000\040\000f\000i\000g\000u\000r\000e\000s}{}% 6
\BOOKMARK [0][-]{chapter*.4}{\376\377\000L\000i\000s\000t\000e\000\040\000d\000e\000s\000\040\000t\000a\000b\000l\000e\000a\000u\000x}{}% 7
\BOOKMARK [0][-]{chapter*.5}{\376\377\000I\000n\000t\000r\000o\000d\000u\000c\000t\000i\000o\000n\000\040\000G\000\351\000n\000\351\000r\000a\000l\000e}{}% 8
\BOOKMARK [0][-]{chapter.1}{\376\377\000C\000o\000m\000p\000r\000e\000n\000d\000r\000e\000\040\000l\000e\000\040\000P\000r\000o\000b\000l\000\350\000m\000e\000\040\000a\000v\000a\000n\000t\000\040\000d\000e\000\040\000l\000e\000\040\000R\000\351\000s\000o\000u\000d\000r\000e}{}% 9
\BOOKMARK [1][-]{section.1.1}{\376\377\000L\000e\000\040\000M\000L\000O\000p\000s\000\040\000:\000\040\000i\000n\000d\000u\000s\000t\000r\000i\000a\000l\000i\000s\000e\000r\000\040\000l\000'\000I\000A\000\040\000p\000o\000u\000r\000\040\000q\000u\000'\000e\000l\000l\000e\000\040\000t\000i\000e\000n\000n\000e\000\040\000s\000e\000s\000\040\000p\000r\000o\000m\000e\000s\000s\000e\000s}{chapter.1}% 10
\BOOKMARK [2][-]{subsection.1.1.1}{\376\377\000D\000e\000\040\000l\000a\000\040\000r\000e\000c\000h\000e\000r\000c\000h\000e\000\040\000\340\000\040\000l\000a\000\040\000p\000r\000o\000d\000u\000c\000t\000i\000o\000n\000\040\000:\000\040\000u\000n\000\040\000f\000o\000s\000s\000\351\000\040\000d\000i\000f\000f\000i\000c\000i\000l\000e\000\040\000\340\000\040\000f\000r\000a\000n\000c\000h\000i\000r}{section.1.1}% 11
\BOOKMARK [2][-]{subsection.1.1.2}{\376\377\000L\000e\000s\000\040\000h\000u\000i\000t\000\040\000p\000r\000i\000n\000c\000i\000p\000e\000s\000\040\000d\000u\000\040\000M\000L\000O\000p\000s}{section.1.1}% 12
\BOOKMARK [2][-]{subsection.1.1.3}{\376\377\000N\000i\000v\000e\000a\000u\000x\000\040\000d\000e\000\040\000m\000a\000t\000u\000r\000i\000t\000\351\000\040\000M\000L\000O\000p\000s}{section.1.1}% 13
\BOOKMARK [1][-]{section.1.2}{\376\377\000P\000r\000o\000b\000l\000\351\000m\000a\000t\000i\000q\000u\000e\000\040\000m\000\351\000d\000i\000c\000a\000l\000e\000\040\000:\000\040\000p\000r\000\351\000v\000e\000n\000i\000r\000\040\000p\000l\000u\000t\000\364\000t\000\040\000q\000u\000e\000\040\000g\000u\000\351\000r\000i\000r}{chapter.1}% 14
\BOOKMARK [2][-]{subsection.1.2.1}{\376\377\000L\000e\000\040\000f\000a\000r\000d\000e\000a\000u\000\040\000d\000e\000s\000\040\000h\000o\000s\000p\000i\000t\000a\000l\000i\000s\000a\000t\000i\000o\000n\000s\000\040\000\351\000v\000i\000t\000a\000b\000l\000e\000s}{section.1.2}% 15
\BOOKMARK [2][-]{subsection.1.2.2}{\376\377\000L\000'\000i\000n\000d\000e\000x\000\040\000d\000e\000\040\000C\000h\000a\000r\000l\000s\000o\000n\000\040\000:\000\040\000q\000u\000a\000n\000t\000i\000f\000i\000e\000r\000\040\000l\000a\000\040\000c\000h\000a\000r\000g\000e\000\040\000d\000e\000\040\000m\000o\000r\000b\000i\000d\000i\000t\000\351}{section.1.2}% 16
\BOOKMARK [2][-]{subsection.1.2.3}{\376\377\000L\000e\000\040\000s\000c\000o\000r\000e\000\040\000P\000S\000I\000\040\000:\000\040\000s\000u\000r\000v\000e\000i\000l\000l\000e\000r\000\040\000l\000a\000\040\000d\000\351\000r\000i\000v\000e\000\040\000d\000e\000s\000\040\000d\000o\000n\000n\000\351\000e\000s}{section.1.2}% 17
\BOOKMARK [1][-]{section.1.3}{\376\377\000L\000e\000\040\000d\000a\000t\000a\000s\000e\000t\000\040\000C\000M\000S\000\040\000D\000E\000-\000S\000y\000n\000P\000U\000F\000\040\000:\000\040\000u\000n\000e\000\040\000m\000i\000n\000e\000\040\000d\000e\000\040\000d\000o\000n\000n\000\351\000e\000s\000\040\000r\000\351\000e\000l\000l\000e\000s}{chapter.1}% 18
\BOOKMARK [2][-]{subsection.1.3.1}{\376\377\000D\000e\000s\000c\000r\000i\000p\000t\000i\000o\000n\000\040\000g\000\351\000n\000\351\000r\000a\000l\000e}{section.1.3}% 19
\BOOKMARK [2][-]{subsection.1.3.2}{\376\377\000S\000t\000r\000u\000c\000t\000u\000r\000e\000\040\000d\000e\000s\000\040\000f\000i\000c\000h\000i\000e\000r\000s}{section.1.3}% 20
\BOOKMARK [2][-]{subsection.1.3.3}{\376\377\000D\000i\000s\000t\000r\000i\000b\000u\000t\000i\000o\000n\000\040\000d\000\351\000m\000o\000g\000r\000a\000p\000h\000i\000q\000u\000e}{section.1.3}% 21
\BOOKMARK [1][-]{section.1.4}{\376\377\000S\000t\000a\000c\000k\000\040\000t\000e\000c\000h\000n\000o\000l\000o\000g\000i\000q\000u\000e\000\040\000:\000\040\000d\000e\000s\000\040\000c\000h\000o\000i\000x\000\040\000a\000r\000c\000h\000i\000t\000e\000c\000t\000u\000r\000a\000u\000x\000\040\000j\000u\000s\000t\000i\000f\000i\000\351\000s}{chapter.1}% 22
\BOOKMARK [2][-]{subsection.1.4.1}{\376\377\000V\000u\000e\000\040\000d\000'\000e\000n\000s\000e\000m\000b\000l\000e}{section.1.4}% 23
\BOOKMARK [2][-]{subsection.1.4.2}{\376\377\000P\000o\000u\000r\000q\000u\000o\000i\000\040\000p\000a\000s\000\040\000K\000a\000f\000k\000a\000,\000\040\000S\000p\000a\000r\000k\000,\000\040\000R\000e\000d\000i\000s\000\040\000o\000u\000\040\000K\000u\000b\000e\000r\000n\000e\000t\000e\000s\000\040\000?}{section.1.4}% 24
\BOOKMARK [1][-]{section.1.5}{\376\377\000A\000r\000c\000h\000i\000t\000e\000c\000t\000u\000r\000e\000\040\000g\000l\000o\000b\000a\000l\000e\000\040\000d\000u\000\040\000p\000i\000p\000e\000l\000i\000n\000e\000\040\000M\000L\000O\000p\000s}{chapter.1}% 25
\BOOKMARK [2][-]{subsection.1.5.1}{\376\377\000D\000e\000s\000c\000r\000i\000p\000t\000i\000o\000n\000\040\000d\000e\000s\000\040\000f\000l\000u\000x}{section.1.5}% 26
\BOOKMARK [0][-]{chapter.2}{\376\377\000D\000e\000\040\000l\000a\000\040\000D\000o\000n\000n\000\351\000e\000\040\000B\000r\000u\000t\000e\000\040\000\340\000\040\000l\000a\000\040\000D\000o\000n\000n\000\351\000e\000\040\000P\000r\000\352\000t\000e}{}% 27
\BOOKMARK [1][-]{section.2.1}{\376\377\000A\000n\000a\000l\000y\000s\000e\000\040\000e\000x\000p\000l\000o\000r\000a\000t\000o\000i\000r\000e\000\040\000d\000e\000s\000\040\000d\000o\000n\000n\000\351\000e\000s\000\040\000\050\000E\000D\000A\000\051}{chapter.2}% 28
\BOOKMARK [2][-]{subsection.2.1.1}{\376\377\000V\000u\000e\000\040\000d\000'\000e\000n\000s\000e\000m\000b\000l\000e\000\040\000s\000t\000a\000t\000i\000s\000t\000i\000q\000u\000e}{section.2.1}% 29
\BOOKMARK [2][-]{subsection.2.1.2}{\376\377\000T\000a\000u\000x\000\040\000d\000'\000h\000o\000s\000p\000i\000t\000a\000l\000i\000s\000a\000t\000i\000o\000n\000\040\000p\000a\000r\000\040\000a\000n\000n\000\351\000e}{section.2.1}% 30
\BOOKMARK [2][-]{subsection.2.1.3}{\376\377\000D\000i\000s\000t\000r\000i\000b\000u\000t\000i\000o\000n\000\040\000d\000e\000s\000\040\000c\000o\000m\000o\000r\000b\000i\000d\000i\000t\000\351\000s\000\040\000c\000h\000r\000o\000n\000i\000q\000u\000e\000s}{section.2.1}% 31
\BOOKMARK [2][-]{subsection.2.1.4}{\376\377\000R\000\351\000s\000u\000l\000t\000a\000t\000s\000\040\000A\000C\000P\000\040\000e\000t\000\040\000s\000e\000g\000m\000e\000n\000t\000a\000t\000i\000o\000n\000\040\000K\000M\000e\000a\000n\000s}{section.2.1}% 32
\BOOKMARK [2][-]{subsection.2.1.5}{\376\377\000D\000i\000s\000t\000r\000i\000b\000u\000t\000i\000o\000n\000\040\000d\000e\000\040\000l\000a\000\040\000c\000i\000b\000l\000e\000\040\000e\000t\000\040\000t\000a\000u\000x\000\040\000p\000a\000r\000\040\000g\000r\000o\000u\000p\000e\000\040\000d\000'\000\342\000g\000e}{section.2.1}% 33
\BOOKMARK [1][-]{section.2.2}{\376\377\000N\000e\000t\000t\000o\000y\000a\000g\000e\000\040\000d\000e\000s\000\040\000d\000o\000n\000n\000\351\000e\000s}{chapter.2}% 34
\BOOKMARK [2][-]{subsection.2.2.1}{\376\377\000P\000r\000o\000b\000l\000\350\000m\000e\000s\000\040\000i\000d\000e\000n\000t\000i\000f\000i\000\351\000s\000\040\000e\000t\000\040\000s\000o\000l\000u\000t\000i\000o\000n\000s\000\040\000a\000p\000p\000l\000i\000q\000u\000\351\000e\000s}{section.2.2}% 35
\BOOKMARK [2][-]{subsection.2.2.2}{\376\377\000R\000\351\000s\000u\000l\000t\000a\000t\000s\000\040\000d\000u\000\040\000n\000e\000t\000t\000o\000y\000a\000g\000e}{section.2.2}% 36
\BOOKMARK [1][-]{section.2.3}{\376\377\000C\000o\000n\000s\000t\000r\000u\000c\000t\000i\000o\000n\000\040\000a\000n\000t\000i\000-\000l\000e\000a\000k\000a\000g\000e\000\040\000d\000e\000\040\000l\000a\000\040\000v\000a\000r\000i\000a\000b\000l\000e\000\040\000c\000i\000b\000l\000e}{chapter.2}% 37
\BOOKMARK [2][-]{subsection.2.3.1}{\376\377\000L\000e\000\040\000r\000i\000s\000q\000u\000e\000\040\000d\000e\000\040\000f\000u\000i\000t\000e\000\040\000t\000e\000m\000p\000o\000r\000e\000l\000l\000e}{section.2.3}% 38
\BOOKMARK [2][-]{subsection.2.3.2}{\376\377\000D\000\351\000f\000i\000n\000i\000t\000i\000o\000n\000\040\000f\000o\000r\000m\000e\000l\000l\000e\000\040\000d\000e\000\040\000l\000a\000\040\000c\000i\000b\000l\000e}{section.2.3}% 39
\BOOKMARK [2][-]{subsection.2.3.3}{\376\377\000F\000e\000n\000\352\000t\000r\000e\000s\000\040\000t\000e\000m\000p\000o\000r\000e\000l\000l\000e\000s\000\040\000a\000n\000t\000i\000-\000l\000e\000a\000k\000a\000g\000e}{section.2.3}% 40
\BOOKMARK [1][-]{section.2.4}{\376\377\000S\000p\000l\000i\000t\000\040\000t\000e\000m\000p\000o\000r\000e\000l\000\040\000s\000t\000r\000i\000c\000t}{chapter.2}% 41
\BOOKMARK [1][-]{section.2.5}{\376\377\000F\000e\000a\000t\000u\000r\000e\000\040\000E\000n\000g\000i\000n\000e\000e\000r\000i\000n\000g\000\040\000:\000\040\000l\000e\000s\000\040\0002\0009\000\040\000v\000a\000r\000i\000a\000b\000l\000e\000s\000\040\000f\000i\000n\000a\000l\000e\000s}{chapter.2}% 42
\BOOKMARK [2][-]{subsection.2.5.1}{\376\377\000T\000r\000o\000i\000s\000\040\000c\000a\000t\000\351\000g\000o\000r\000i\000e\000s\000\040\000d\000e\000\040\000f\000e\000a\000t\000u\000r\000e\000s}{section.2.5}% 43
\BOOKMARK [1][-]{section.2.6}{\376\377\000V\000a\000l\000i\000d\000a\000t\000i\000o\000n\000\040\000d\000e\000s\000\040\000d\000o\000n\000n\000\351\000e\000s\000\040\000:\000\040\000G\000r\000e\000a\000t\000\040\000E\000x\000p\000e\000c\000t\000a\000t\000i\000o\000n\000s}{chapter.2}% 44
\BOOKMARK [1][-]{section.2.7}{\376\377\000V\000e\000r\000s\000i\000o\000n\000n\000e\000m\000e\000n\000t\000\040\000a\000v\000e\000c\000\040\000D\000V\000C\000\040\000e\000t\000\040\000G\000i\000t}{chapter.2}% 45
\BOOKMARK [0][-]{chapter.3}{\376\377\000A\000p\000p\000r\000e\000n\000d\000r\000e\000\040\000\340\000\040\000P\000r\000\351\000d\000i\000r\000e\000\040\000:\000\040\000M\000o\000d\000\350\000l\000e\000s\000\040\000e\000t\000\040\000E\000x\000p\000\351\000r\000i\000m\000e\000n\000t\000a\000t\000i\000o\000n}{}% 46
\BOOKMARK [1][-]{section.3.1}{\376\377\000L\000e\000\040\000d\000\351\000f\000i\000\040\000d\000u\000\040\000d\000\351\000s\000\351\000q\000u\000i\000l\000i\000b\000r\000e\000\040\000d\000e\000\040\000c\000l\000a\000s\000s\000e\000s}{chapter.3}% 47
\BOOKMARK [2][-]{subsection.3.1.1}{\376\377\000S\000t\000r\000a\000t\000\351\000g\000i\000e\000s\000\040\000a\000d\000o\000p\000t\000\351\000e\000s}{section.3.1}% 48
\BOOKMARK [2][-]{subsection.3.1.2}{\376\377\000J\000u\000s\000t\000i\000f\000i\000c\000a\000t\000i\000o\000n\000\040\000m\000\351\000d\000i\000c\000a\000l\000e\000\040\000d\000u\000\040\000s\000e\000u\000i\000l}{section.3.1}% 49
\BOOKMARK [1][-]{section.3.2}{\376\377\000L\000e\000s\000\040\000t\000r\000o\000i\000s\000\040\000m\000o\000d\000\350\000l\000e\000s\000\040\000r\000e\000t\000e\000n\000u\000s}{chapter.3}% 50
\BOOKMARK [2][-]{subsection.3.2.1}{\376\377\000R\000\351\000g\000r\000e\000s\000s\000i\000o\000n\000\040\000L\000o\000g\000i\000s\000t\000i\000q\000u\000e\000\040\000:\000\040\000l\000a\000\040\000r\000\351\000f\000\351\000r\000e\000n\000c\000e\000\040\000i\000n\000t\000e\000r\000p\000r\000\351\000t\000a\000b\000l\000e}{section.3.2}% 51
\BOOKMARK [2][-]{subsection.3.2.2}{\376\377\000X\000G\000B\000o\000o\000s\000t\000\040\000:\000\040\000l\000e\000\040\000m\000o\000d\000\350\000l\000e\000\040\000c\000h\000a\000m\000p\000i\000o\000n}{section.3.2}% 52
\BOOKMARK [2][-]{subsection.3.2.3}{\376\377\000L\000i\000g\000h\000t\000G\000B\000M\000\040\000:\000\040\000l\000a\000\040\000r\000a\000p\000i\000d\000i\000t\000\351\000\040\000p\000o\000u\000r\000\040\000l\000e\000s\000\040\000g\000r\000a\000n\000d\000s\000\040\000d\000a\000t\000a\000s\000e\000t\000s}{section.3.2}% 53
\BOOKMARK [1][-]{section.3.3}{\376\377\000O\000p\000t\000i\000m\000i\000s\000a\000t\000i\000o\000n\000\040\000d\000e\000s\000\040\000h\000y\000p\000e\000r\000p\000a\000r\000a\000m\000\350\000t\000r\000e\000s\000\040\000p\000a\000r\000\040\000O\000p\000t\000u\000n\000a}{chapter.3}% 54
\BOOKMARK [2][-]{subsection.3.3.1}{\376\377\000P\000r\000i\000n\000c\000i\000p\000e\000\040\000d\000e\000\040\000l\000a\000\040\000r\000e\000c\000h\000e\000r\000c\000h\000e\000\040\000b\000a\000y\000\351\000s\000i\000e\000n\000n\000e}{section.3.3}% 55
\BOOKMARK [2][-]{subsection.3.3.2}{\376\377\000H\000y\000p\000e\000r\000p\000a\000r\000a\000m\000\350\000t\000r\000e\000s\000\040\000o\000p\000t\000i\000m\000a\000u\000x}{section.3.3}% 56
\BOOKMARK [1][-]{section.3.4}{\376\377\000R\000\351\000s\000u\000l\000t\000a\000t\000s\000\040\000c\000o\000m\000p\000a\000r\000a\000t\000i\000f\000s}{chapter.3}% 57
\BOOKMARK [2][-]{subsection.3.4.1}{\376\377\000M\000a\000t\000r\000i\000c\000e\000\040\000d\000e\000\040\000c\000o\000n\000f\000u\000s\000i\000o\000n\000\040\000X\000G\000B\000o\000o\000s\000t\000\040\000\050\000T\000e\000s\000t\000\040\0002\0000\0001\0000\000\051}{section.3.4}% 58
\BOOKMARK [2][-]{subsection.3.4.2}{\376\377\000I\000n\000t\000e\000r\000f\000a\000c\000e\000\040\000M\000L\000f\000l\000o\000w\000\040\000d\000e\000\040\000c\000o\000m\000p\000a\000r\000a\000i\000s\000o\000n\000\040\000d\000e\000s\000\040\000e\000x\000p\000\351\000r\000i\000e\000n\000c\000e\000s}{section.3.4}% 59
\BOOKMARK [1][-]{section.3.5}{\376\377\000O\000p\000t\000i\000m\000i\000s\000a\000t\000i\000o\000n\000\040\000d\000u\000\040\000s\000e\000u\000i\000l\000\040\000d\000e\000\040\000d\000\351\000c\000i\000s\000i\000o\000n}{chapter.3}% 60
\BOOKMARK [1][-]{section.3.6}{\376\377\000I\000n\000t\000e\000r\000p\000r\000\351\000t\000a\000b\000i\000l\000i\000t\000\351\000\040\000:\000\040\000a\000n\000a\000l\000y\000s\000e\000\040\000S\000H\000A\000P}{chapter.3}% 61
\BOOKMARK [1][-]{section.3.7}{\376\377\000T\000r\000a\000\347\000a\000b\000i\000l\000i\000t\000\351\000\040\000a\000v\000e\000c\000\040\000M\000L\000f\000l\000o\000w}{chapter.3}% 62
\BOOKMARK [1][-]{section.3.8}{\376\377\000A\000n\000a\000l\000y\000s\000e\000\040\000R\000O\000I}{chapter.3}% 63
\BOOKMARK [0][-]{chapter.4}{\376\377\000D\000u\000\040\000M\000o\000d\000\350\000l\000e\000\040\000a\000u\000\040\000S\000e\000r\000v\000i\000c\000e\000\040\000:\000\040\000M\000i\000s\000e\000\040\000e\000n\000\040\000P\000r\000o\000d\000u\000c\000t\000i\000o\000n}{}% 64
\BOOKMARK [1][-]{section.4.1}{\376\377\000A\000P\000I\000\040\000d\000e\000\040\000p\000r\000\351\000d\000i\000c\000t\000i\000o\000n\000\040\000a\000v\000e\000c\000\040\000F\000a\000s\000t\000A\000P\000I}{chapter.4}% 65
\BOOKMARK [2][-]{subsection.4.1.1}{\376\377\000D\000e\000s\000i\000g\000n\000\040\000d\000e\000\040\000l\000'\000A\000P\000I}{section.4.1}% 66
\BOOKMARK [2][-]{subsection.4.1.2}{\376\377\000L\000e\000s\000\040\000t\000r\000o\000i\000s\000\040\000n\000i\000v\000e\000a\000u\000x\000\040\000d\000e\000\040\000r\000i\000s\000q\000u\000e}{section.4.1}% 67
\BOOKMARK [1][-]{section.4.2}{\376\377\000C\000o\000n\000t\000e\000n\000e\000u\000r\000i\000s\000a\000t\000i\000o\000n\000\040\000a\000v\000e\000c\000\040\000D\000o\000c\000k\000e\000r}{chapter.4}% 68
\BOOKMARK [2][-]{subsection.4.2.1}{\376\377\000A\000r\000c\000h\000i\000t\000e\000c\000t\000u\000r\000e\000\040\000D\000o\000c\000k\000e\000r\000\040\000C\000o\000m\000p\000o\000s\000e}{section.4.2}% 69
\BOOKMARK [2][-]{subsection.4.2.2}{\376\377\000I\000s\000o\000l\000a\000t\000i\000o\000n\000\040\000e\000t\000\040\000r\000e\000p\000r\000o\000d\000u\000c\000t\000i\000b\000i\000l\000i\000t\000\351}{section.4.2}% 70
\BOOKMARK [1][-]{section.4.3}{\376\377\000C\000I\000/\000C\000D\000\040\000a\000v\000e\000c\000\040\000G\000i\000t\000H\000u\000b\000\040\000A\000c\000t\000i\000o\000n\000s}{chapter.4}% 71
\BOOKMARK [2][-]{subsection.4.3.1}{\376\377\000P\000i\000p\000e\000l\000i\000n\000e\000\040\000d\000'\000i\000n\000t\000\351\000g\000r\000a\000t\000i\000o\000n\000\040\000c\000o\000n\000t\000i\000n\000u\000e}{section.4.3}% 72
\BOOKMARK [1][-]{section.4.4}{\376\377\000M\000o\000n\000i\000t\000o\000r\000i\000n\000g\000\040\000:\000\040\000d\000\351\000t\000e\000c\000t\000e\000r\000\040\000l\000a\000\040\000d\000\351\000r\000i\000v\000e\000\040\000a\000v\000a\000n\000t\000\040\000q\000u\000'\000e\000l\000l\000e\000\040\000n\000e\000\040\000d\000\351\000g\000r\000a\000d\000e}{chapter.4}% 73
\BOOKMARK [2][-]{subsection.4.4.1}{\376\377\000S\000e\000u\000i\000l\000s\000\040\000d\000'\000a\000l\000e\000r\000t\000e}{section.4.4}% 74
\BOOKMARK [2][-]{subsection.4.4.2}{\376\377\000S\000i\000m\000u\000l\000a\000t\000i\000o\000n\000\040\000d\000e\000\040\000d\000\351\000r\000i\000v\000e\000\040\0002\0000\0001\0000\000\040\041\222\000\040\0002\0000\0002\0006}{section.4.4}% 75
\BOOKMARK [2][-]{subsection.4.4.3}{\376\377\000B\000o\000u\000c\000l\000e\000\040\000d\000e\000\040\000r\000o\000l\000l\000b\000a\000c\000k\000\040\000a\000u\000t\000o\000m\000a\000t\000i\000q\000u\000e}{section.4.4}% 76
\BOOKMARK [1][-]{section.4.5}{\376\377\000O\000r\000c\000h\000e\000s\000t\000r\000a\000t\000i\000o\000n\000\040\000a\000v\000e\000c\000\040\000P\000r\000e\000f\000e\000c\000t}{chapter.4}% 77
\BOOKMARK [1][-]{section.4.6}{\376\377\000A\000n\000a\000l\000y\000s\000e\000\040\000d\000e\000\040\000f\000a\000i\000r\000n\000e\000s\000s\000\040\000:\000\040\000\351\000q\000u\000i\000t\000\351\000\040\000a\000l\000g\000o\000r\000i\000t\000h\000m\000i\000q\000u\000e}{chapter.4}% 78
\BOOKMARK [2][-]{subsection.4.6.1}{\376\377\000R\000\351\000s\000u\000l\000t\000a\000t\000s\000\040\000p\000a\000r\000\040\000g\000r\000o\000u\000p\000e\000\040\000r\000a\000c\000i\000a\000l}{section.4.6}% 79
\BOOKMARK [1][-]{section.4.7}{\376\377\000B\000i\000l\000a\000n\000\040\000d\000e\000s\000\040\000t\000e\000s\000t\000s\000\040\000r\000\351\000a\000l\000i\000s\000\351\000s}{chapter.4}% 80
\BOOKMARK [1][-]{section.4.8}{\376\377\000D\000i\000f\000f\000i\000c\000u\000l\000t\000\351\000s\000\040\000r\000e\000n\000c\000o\000n\000t\000r\000\351\000e\000s\000\040\000e\000t\000\040\000s\000o\000l\000u\000t\000i\000o\000n\000s}{chapter.4}% 81
\BOOKMARK [0][-]{chapter*.41}{\376\377\000C\000o\000n\000c\000l\000u\000s\000i\000o\000n\000\040\000G\000\351\000n\000\351\000r\000a\000l\000e}{}% 82
\BOOKMARK [0][-]{chapter*.43}{\376\377\000A\000n\000n\000e\000x\000e\000s}{}% 83
