2026-06-15 00:01:06,232 | INFO | ======================================================================
2026-06-15 00:01:06,232 | INFO | PIPELINE MODÉLISATION — DÉBUT
2026-06-15 00:01:06,232 | INFO | ======================================================================
2026-06-15 00:01:06,242 | INFO | MLflow experiment : hospitalisation_prediction
2026-06-15 00:01:06,242 | INFO | Chargement des données features...
2026-06-15 00:01:06,335 | INFO |   Train : (30000, 28) | Taux : 7.54%
2026-06-15 00:01:06,335 | INFO |   Val   : (29510, 28) | Taux : 9.18%
2026-06-15 00:01:06,335 | INFO |   Test  : (29075, 28) | Taux : 7.58%
2026-06-15 00:01:06,335 | INFO |   Features : 28
2026-06-15 00:01:06,335 | INFO | 
======================================================================
2026-06-15 00:01:06,335 | INFO | ENTRAÎNEMENT DES MODÈLES
2026-06-15 00:01:06,335 | INFO | ======================================================================
2026-06-15 00:01:06,335 | INFO | 
── Régression Logistique Baseline ──
2026/06/15 00:01:06 WARNING mlflow.models.model: `artifact_path` is deprecated. Please use `name` instead.
2026/06/15 00:01:06 WARNING mlflow.sklearn: Saving scikit-learn models in the pickle or cloudpickle format requires exercising caution because these formats rely on Python's object serialization mechanism, which can execute arbitrary code during deserialization. The recommended safe alternative is the 'skops' format. For more information, see: https://scikit-learn.org/stable/model_persistence.html
2026-06-15 00:01:09,774 | INFO |   LogisticRegression     | AUC=0.8949 | F1=0.5345 | Recall=0.6554 | Precision=0.4513 | Threshold=0.857
2026-06-15 00:01:09,774 | INFO |   → Modèle sauvegardé : models/logistic_regression.pkl
2026-06-15 00:01:09,775 | INFO | 
── XGBoost + Optuna ──
2026-06-15 00:01:09,775 | INFO |   scale_pos_weight : 12.27
2026-06-15 00:01:09,776 | INFO |   Optimisation Optuna (100 essais) sur VALIDATION seulement...
2026-06-15 01:11:35,496 | INFO |   Meilleurs paramètres XGBoost : {'n_estimators': 173, 'max_depth': 3, 'learning_rate': 0.01846067517821074, 'subsample': 0.6530590132179841, 'colsample_bytree': 0.9837524056056105, 'reg_alpha': 0.5497796858791006, 'reg_lambda': 4.19381975549963, 'scale_pos_weight': 12.268465280849181, 'objective': 'binary:logistic', 'eval_metric': 'auc', 'random_state': 42, 'n_jobs': -1, 'tree_method': 'hist'}
2026/06/15 01:11:36 WARNING mlflow.models.model: `artifact_path` is deprecated. Please use `name` instead.
2026-06-15 01:11:43,653 | INFO |   Calcul SHAP pour XGBoost...
2026-06-15 01:11:45,709 | INFO |   → SHAP sauvegardé : outputs/figures/shap_xgboost.png
2026-06-15 01:11:45,737 | INFO |   XGBoost                | AUC=0.9521 | F1=0.6298 | Recall=0.7764 | Precision=0.5297 | Threshold=0.828
2026-06-15 01:11:45,741 | INFO |   → Modèle sauvegardé : models/xgboost_best.pkl
2026-06-15 01:11:45,749 | INFO | 
── LightGBM + Optuna ──
2026-06-15 01:11:45,751 | INFO |   Optimisation Optuna (100 essais) sur VALIDATION seulement...
2026/06/15 01:13:34 WARNING mlflow.models.model: `artifact_path` is deprecated. Please use `name` instead.
2026/06/15 01:13:34 WARNING mlflow.lightgbm: Saving the models in the pickle or cloudpickle format requires exercising caution because these formats rely on Python's object serialization mechanism, which can execute arbitrary code during deserialization. The recommended safe alternative is the 'skops' format. For more information, see: https://scikit-learn.org/stable/model_persistence.html
2026-06-15 01:13:41,181 | INFO |   Calcul SHAP pour LightGBM...
2026-06-15 01:13:43,286 | INFO |   → SHAP sauvegardé : outputs/figures/shap_lightgbm.png
2026-06-15 01:13:43,312 | INFO |   LightGBM               | AUC=0.9518 | F1=0.6283 | Recall=0.8369 | Precision=0.5030 | Threshold=0.770
2026-06-15 01:13:43,313 | INFO |   → Modèle sauvegardé : models/lightgbm_best.pkl
2026-06-15 01:13:43,317 | INFO | 
── CatBoost + Optuna ──
2026-06-15 01:13:43,320 | INFO |   Optimisation Optuna (100 essais) sur VALIDATION seulement...
2026-06-15 01:17:48,627 | INFO |   Meilleurs paramètres CatBoost : {'iterations': 231, 'depth': 3, 'learning_rate': 0.02052908906857973, 'l2_leaf_reg': 7.1161243467520965, 'subsample': 0.7291233284121799, 'scale_pos_weight': 12.268465280849181, 'random_state': 42, 'verbose': 0, 'thread_count': -1}
2026/06/15 01:17:50 WARNING mlflow.models.model: `artifact_path` is deprecated. Please use `name` instead.
2026/06/15 01:17:50 WARNING mlflow.sklearn: Saving scikit-learn models in the pickle or cloudpickle format requires exercising caution because these formats rely on Python's object serialization mechanism, which can execute arbitrary code during deserialization. The recommended safe alternative is the 'skops' format. For more information, see: https://scikit-learn.org/stable/model_persistence.html
2026-06-15 01:17:56,991 | INFO |   Calcul SHAP pour CatBoost...
2026-06-15 01:17:58,958 | INFO |   → SHAP sauvegardé : outputs/figures/shap_catboost.png
2026-06-15 01:17:58,970 | INFO |   CatBoost               | AUC=0.9509 | F1=0.6288 | Recall=0.8170 | Precision=0.5111 | Threshold=0.804
2026-06-15 01:17:58,970 | INFO |   → Modèle sauvegardé : models/catboost_best.pkl
2026-06-15 01:17:58,975 | INFO | 
── Random Forest Bagging ──
2026/06/15 01:18:05 WARNING mlflow.models.model: `artifact_path` is deprecated. Please use `name` instead.
2026/06/15 01:18:05 WARNING mlflow.sklearn: Saving scikit-learn models in the pickle or cloudpickle format requires exercising caution because these formats rely on Python's object serialization mechanism, which can execute arbitrary code during deserialization. The recommended safe alternative is the 'skops' format. For more information, see: https://scikit-learn.org/stable/model_persistence.html
2026-06-15 01:18:11,666 | INFO |   RandomForest_Bagging   | AUC=0.9445 | F1=0.6045 | Recall=0.8753 | Precision=0.4617 | Threshold=0.656
2026-06-15 01:18:11,666 | INFO |   → Modèle sauvegardé : models/random_forest_bagging.pkl
2026-06-15 01:18:11,669 | INFO | 
── Soft Voting Ensemble XGBoost + LightGBM ──
2026-06-15 01:18:12,794 | INFO |   Meilleurs poids SoftVoting : XGBoost=0.50, LightGBM=0.50
2026/06/15 01:18:13 WARNING mlflow.models.model: `artifact_path` is deprecated. Please use `name` instead.
2026/06/15 01:18:13 WARNING mlflow.sklearn: Saving scikit-learn models in the pickle or cloudpickle format requires exercising caution because these formats rely on Python's object serialization mechanism, which can execute arbitrary code during deserialization. The recommended safe alternative is the 'skops' format. For more information, see: https://scikit-learn.org/stable/model_persistence.html
2026-06-15 01:18:19,520 | INFO |   SoftVoting_XGB_LGBM    | AUC=0.9521 | F1=0.6294 | Recall=0.8111 | Precision=0.5143 | Threshold=0.802
2026-06-15 01:18:19,521 | INFO |   → Modèle sauvegardé : models/soft_voting_xgb_lgbm.pkl
2026-06-15 01:18:19,528 | INFO | 
── Soft Voting Ensemble V2 (XGB + LGB + CatBoost) ──
2026-06-15 01:18:24,178 | INFO |   Meilleurs poids SoftVoting V2 : XGBoost=0.60, LightGBM=0.30, CatBoost=0.10
2026/06/15 01:18:24 WARNING mlflow.models.model: `artifact_path` is deprecated. Please use `name` instead.
2026/06/15 01:18:24 WARNING mlflow.sklearn: Saving scikit-learn models in the pickle or cloudpickle format requires exercising caution because these formats rely on Python's object serialization mechanism, which can execute arbitrary code during deserialization. The recommended safe alternative is the 'skops' format. For more information, see: https://scikit-learn.org/stable/model_persistence.html
2026-06-15 01:18:31,981 | INFO |   SoftVoting_XGB_LGB_CAT | AUC=0.9520 | F1=0.6298 | Recall=0.7978 | Precision=0.5202 | Threshold=0.813
2026-06-15 01:18:31,982 | INFO |   → Modèle sauvegardé : models/soft_voting_xgb_lgb_cat.pkl
2026-06-15 01:18:31,988 | INFO | 
── Recherche seuils haute précision ──
2026-06-15 01:18:33,871 | INFO |   LogisticRegression     | target=0.80 | threshold=1.000 | VAL precision=0.8022 recall=0.0269
2026-06-15 01:18:41,048 | INFO |   XGBoost                | target=0.80 | threshold=0.946 | VAL precision=0.8228 recall=0.0240
2026-06-15 01:18:47,235 | INFO |   CatBoost               | target=0.80 | threshold=0.961 | VAL precision=0.8021 recall=0.0284
2026-06-15 01:18:48,552 | INFO |   CatBoost               | target=0.85 | threshold=0.961 | VAL precision=0.8554 recall=0.0262
2026-06-15 01:18:54,615 | INFO |   RandomForest_Bagging   | target=0.80 | threshold=0.948 | VAL precision=0.8029 recall=0.0616
2026-06-15 01:19:02,858 | INFO |   SoftVoting_XGB_LGBM    | target=0.80 | threshold=0.941 | VAL precision=0.8228 recall=0.0240
2026-06-15 01:19:07,429 | INFO |   SoftVoting_XGB_LGB_CAT | target=0.80 | threshold=0.944 | VAL precision=0.8000 recall=0.0236
2026-06-15 01:19:08,864 | INFO |   SoftVoting_XGB_LGB_CAT | target=0.85 | threshold=0.944 | VAL precision=0.8551 recall=0.0218
2026-06-15 01:19:12,568 | INFO | 
── Comparaison des modèles sur VALIDATION ──
2026-06-15 01:19:12,569 | INFO |   LogisticRegression     | AUC=0.8949 | F1=0.5345 | Recall=0.6554 | Precision=0.4513 | Threshold=0.857
2026-06-15 01:19:12,576 | INFO |   XGBoost                | AUC=0.9521 | F1=0.6298 | Recall=0.7764 | Precision=0.5297 | Threshold=0.828
2026-06-15 01:19:12,577 | INFO |   LightGBM               | AUC=0.9518 | F1=0.6283 | Recall=0.8369 | Precision=0.5030 | Threshold=0.770
2026-06-15 01:19:12,577 | INFO |   CatBoost               | AUC=0.9509 | F1=0.6288 | Recall=0.8170 | Precision=0.5111 | Threshold=0.804
2026-06-15 01:19:12,577 | INFO |   RandomForest_Bagging   | AUC=0.9445 | F1=0.6045 | Recall=0.8753 | Precision=0.4617 | Threshold=0.656
2026-06-15 01:19:12,578 | INFO |   SoftVoting_XGB_LGBM    | AUC=0.9521 | F1=0.6294 | Recall=0.8111 | Precision=0.5143 | Threshold=0.802
2026-06-15 01:19:12,578 | INFO |   SoftVoting_XGB_LGB_CAT | AUC=0.9520 | F1=0.6298 | Recall=0.7978 | Precision=0.5202 | Threshold=0.813
2026-06-15 01:19:12,578 | INFO | 
🏆 Meilleur modèle : XGBoost | precision validation = 0.5297 | AUC validation = 0.9521
2026-06-15 01:19:12,578 | INFO | 
── Évaluation finale TEST : XGBoost ──
2026-06-15 01:19:12,804 | INFO |   XGBoost TEST           | AUC=0.9686 | F1=0.6143 | Recall=0.5869 | Precision=0.6442 | Threshold=0.828
2026-06-15 01:19:12,804 | INFO |   Confusion Matrix : {'tn': 26158, 'fp': 714, 'fn': 910, 'tp': 1293}
2026-06-15 01:19:12,815 | INFO |   → best_model sauvegardé : models/best_model.pkl
2026-06-15 01:19:12,815 | INFO |   → threshold sauvegardé : models/threshold.json
2026-06-15 01:19:12,815 | INFO |   → infos modèle sauvegardées : models/best_model_info.json
2026-06-15 01:19:12,815 | INFO |   → métriques sauvegardées : outputs/reports/training_metrics.json
2026-06-15 01:19:12,816 | INFO | ======================================================================
2026-06-15 01:19:12,816 | INFO | PIPELINE MODÉLISATION — TERMINÉ ✅
2026-06-15 01:19:12,816 | INFO | 🏆 Meilleur modèle : XGBoost | AUC validation : 0.9521
2026-06-15 01:19:12,816 | INFO | Prochaine étape : mlflow ui
2026-06-15 01:19:12,816 | INFO | ======================================================================
