2026-06-14 21:12:50,889 | INFO | ✅ patients_cleaned trouvé : data/cleaned/patients_cleaned.parquet
2026-06-14 21:12:50,889 | INFO | ✅ claims_inpatient trouvé : data/cleaned/claims_inpatient_cleaned.parquet
2026-06-14 21:12:50,889 | INFO | ✅ claims_outpatient trouvé : data/cleaned/claims_outpatient_cleaned.parquet
2026-06-14 21:12:50,889 | INFO | ✅ claims_carrier trouvé : data/cleaned/claims_carrier_cleaned.parquet
2026-06-14 21:12:50,889 | INFO | ✅ claims_prescription trouvé : data/cleaned/claims_prescription_cleaned.parquet
2026-06-14 21:17:25,394 | INFO | ======================================================================
2026-06-14 21:17:25,394 | INFO | PIPELINE MLOPS — DEMARRAGE PRODUCTION
2026-06-14 21:17:25,394 | INFO | ======================================================================
2026-06-14 21:17:25,394 | INFO | Ordre : Validation -> Cleaning -> Preprocessing -> Training
2026-06-14 21:17:25,394 | INFO | 
2026-06-14 21:17:25,394 | INFO | ----------------------------------------------------------------------
2026-06-14 21:17:25,394 | INFO | START Etape 1/4 : Validation des donnees raw
2026-06-14 21:17:25,394 | INFO | ----------------------------------------------------------------------
2026-06-14 21:17:25,394 | ERROR | ECHEC Etape 1/4 : Validation des donnees raw apres 0.00s
2026-06-14 21:17:25,395 | ERROR | Erreur : No module named 'src'
2026-06-14 21:17:25,395 | ERROR | Traceback (most recent call last):
  File "/home/tawil/mlops_hospitalisation/src/pipeline.py", line 47, in run_step
    result = func()
  File "/home/tawil/mlops_hospitalisation/src/pipeline.py", line 106, in step_validation
    import src.validate_data  # noqa: F401
    ^^^^^^^^^^^^^^^^^^^^^^^^
ModuleNotFoundError: No module named 'src'

2026-06-14 21:17:39,162 | INFO | ======================================================================
2026-06-14 21:17:39,162 | INFO | PIPELINE MLOPS — DEMARRAGE PRODUCTION
2026-06-14 21:17:39,162 | INFO | ======================================================================
2026-06-14 21:17:39,162 | INFO | Ordre : Validation -> Cleaning -> Preprocessing -> Training
2026-06-14 21:17:39,162 | INFO | 
2026-06-14 21:17:39,162 | INFO | ----------------------------------------------------------------------
2026-06-14 21:17:39,162 | INFO | START Etape 1/4 : Validation des donnees raw
2026-06-14 21:17:39,162 | INFO | ----------------------------------------------------------------------
2026-06-14 21:17:41,942 | INFO | Could not find local file-backed GX project
2026-06-14 21:17:41,942 | INFO | Created temporary directory '/tmp/tmp66rf3oay' for ephemeral docs site
2026-06-14 21:17:41,943 | INFO | Loading 'datasources' ->
[]
2026-06-14 21:17:42,053 | WARNING | /home/tawil/mlops_hospitalisation/venv/lib/python3.14/site-packages/great_expectations/expectations/expectation.py:1491: UserWarning: `result_format` configured at the Validator-level will not be persisted. Please add the configuration to your Checkpoint config or checkpoint_run() method instead.
  warnings.warn(

2026-06-14 21:17:42,093 | WARNING | /home/tawil/mlops_hospitalisation/venv/lib/python3.14/site-packages/great_expectations/expectations/expectation.py:1491: UserWarning: `result_format` configured at the Validator-level will not be persisted. Please add the configuration to your Checkpoint config or checkpoint_run() method instead.
  warnings.warn(

2026-06-14 21:17:42,116 | INFO | 	2 expectation(s) included in expectation_suite.
2026-06-14 21:17:42,118 | INFO | 	2 expectation(s) included in expectation_suite.
2026-06-14 21:17:42,171 | INFO | OK Etape 1/4 : Validation des donnees raw termine en 3.01s
2026-06-14 21:17:42,171 | INFO | 
2026-06-14 21:17:42,171 | INFO | ----------------------------------------------------------------------
2026-06-14 21:17:42,171 | INFO | START Etape 2/4 : Data Cleaning
2026-06-14 21:17:42,172 | INFO | ----------------------------------------------------------------------
2026-06-14 21:17:42,172 | INFO | PIPELINE CLEANING START
2026-06-14 21:17:42,438 | INFO | Patients 2008: 30,000
2026-06-14 21:17:42,710 | INFO | Patients 2009: 29,510
2026-06-14 21:17:42,974 | INFO | Patients 2010: 29,075
2026-06-14 21:17:43,375 | INFO | inpatient: 17,325
2026-06-14 21:17:48,157 | INFO | outpatient: 205,642
2026-06-14 21:18:20,277 | INFO | carrier_A: 625,356
2026-06-14 21:18:51,955 | INFO | carrier_B: 608,505
2026-06-14 21:18:56,568 | INFO | prescription: 1,436,994
2026-06-14 21:18:59,856 | INFO | Dates d'admission inpatient : 17,325/17,325 valides (100.0%)
2026-06-14 21:18:59,856 | INFO | Plage des dates d'admission valides : 2007-12-10 00:00:00 -> 2010-12-30 00:00:00
2026-06-14 21:18:59,861 | INFO | build_target(2008-01-01) : fenêtre [2008-01-01 -> 2008-07-01] | 3,328 admissions urgentes matchées | 2,261 patients uniques
2026-06-14 21:18:59,866 | INFO | Target rate: 0.075
2026-06-14 21:18:59,871 | INFO | build_target(2009-01-01) : fenêtre [2009-01-01 -> 2009-07-01] | 3,366 admissions urgentes matchées | 2,710 patients uniques
2026-06-14 21:18:59,874 | INFO | Target rate: 0.092
2026-06-14 21:18:59,879 | INFO | build_target(2010-01-01) : fenêtre [2010-01-01 -> 2010-07-01] | 2,463 admissions urgentes matchées | 2,203 patients uniques
2026-06-14 21:18:59,882 | INFO | Target rate: 0.076
2026-06-14 21:19:00,079 | INFO | Claims inpatient sauvegardés -> data/cleaned/claims_inpatient_cleaned.parquet
2026-06-14 21:19:00,729 | INFO | Claims outpatient sauvegardés -> data/cleaned/claims_outpatient_cleaned.parquet
2026-06-14 21:19:01,397 | INFO | Claims prescription sauvegardés -> data/cleaned/claims_prescription_cleaned.parquet
2026-06-14 21:19:05,469 | INFO | Claims carrier sauvegardés -> data/cleaned/claims_carrier_cleaned.parquet
2026-06-14 21:19:05,469 | INFO | PIPELINE CLEANING DONE SUCCESSFULLY ✅
2026-06-14 21:19:05,470 | INFO | OK fichier patients_cleaned : data/cleaned/patients_cleaned.parquet
2026-06-14 21:19:05,471 | INFO | OK fichier claims_inpatient : data/cleaned/claims_inpatient_cleaned.parquet
2026-06-14 21:19:05,471 | INFO | OK fichier claims_outpatient : data/cleaned/claims_outpatient_cleaned.parquet
2026-06-14 21:19:05,471 | INFO | OK fichier claims_carrier : data/cleaned/claims_carrier_cleaned.parquet
2026-06-14 21:19:05,471 | INFO | OK fichier claims_prescription : data/cleaned/claims_prescription_cleaned.parquet
2026-06-14 21:19:05,471 | INFO | Patients clean shape : (88585, 28)
2026-06-14 21:19:05,471 | INFO | Claims disponibles : ['inpatient', 'outpatient', 'prescription', 'carrier']
2026-06-14 21:19:05,471 | INFO | OK Etape 2/4 : Data Cleaning termine en 83.30s
2026-06-14 21:19:05,471 | INFO | 
2026-06-14 21:19:05,471 | INFO | ----------------------------------------------------------------------
2026-06-14 21:19:05,471 | INFO | START Etape 3/4 : Data Preprocessing
2026-06-14 21:19:05,471 | INFO | ----------------------------------------------------------------------
2026-06-14 21:19:05,535 | INFO | ============================================================
2026-06-14 21:19:05,535 | INFO | PIPELINE DATA PREPROCESSING — DEBUT
2026-06-14 21:19:05,535 | INFO | ============================================================
2026-06-14 21:19:05,536 | INFO | Chargement des donnees nettoyees...
2026-06-14 21:19:05,556 | INFO |   -> 88,585 patients | Annees : [2008, 2009, 2010]
2026-06-14 21:19:09,273 | INFO | Construction des features dynamiques anti-leakage...
2026-06-14 21:19:11,482 | INFO |   -> Nouveaux patients sans historique : 39,441
2026-06-14 21:19:11,501 | INFO | Construction des features composites...
2026-06-14 21:19:11,513 | INFO |   NB_COMORBIDITES moyen : 2.22
2026-06-14 21:19:11,514 | INFO |   CHARLSON_INDEX moyen  : 2.33
2026-06-14 21:19:11,514 | INFO | Encodage, normalisation et split temporel strict...
2026-06-14 21:19:11,560 | INFO |   Train (2008) : 30,000 | Taux : 7.54%
2026-06-14 21:19:11,560 | INFO |   Val   (2009) : 29,510 | Taux : 9.18%
2026-06-14 21:19:11,560 | INFO |   Test  (2010) : 29,075 | Taux : 7.58%
2026-06-14 21:19:11,560 | INFO |   Nombre de features : 28
2026-06-14 21:19:11,634 | INFO |   -> Donnees sauvegardees dans data/features
2026-06-14 21:19:11,635 | INFO | ============================================================
2026-06-14 21:19:11,635 | INFO | PIPELINE DATA PREPROCESSING — TERMINE
2026-06-14 21:19:11,635 | INFO | ============================================================
2026-06-14 21:19:11,919 | INFO | OK fichier X_train : data/features/X_train.parquet
2026-06-14 21:19:11,919 | INFO | OK fichier X_val : data/features/X_val.parquet
2026-06-14 21:19:11,919 | INFO | OK fichier X_test : data/features/X_test.parquet
2026-06-14 21:19:11,919 | INFO | OK fichier y_train : data/features/y_train.parquet
2026-06-14 21:19:11,919 | INFO | OK fichier y_val : data/features/y_val.parquet
2026-06-14 21:19:11,919 | INFO | OK fichier y_test : data/features/y_test.parquet
2026-06-14 21:19:11,919 | INFO | OK fichier feature_names : data/features/feature_names.csv
2026-06-14 21:19:11,919 | INFO | OK fichier preprocessing_report : data/features/preprocessing_report.json
2026-06-14 21:19:11,920 | INFO | OK fichier scaler : models/scaler.pkl
2026-06-14 21:19:11,920 | INFO | OK fichier feature_names_pkl : models/feature_names.pkl
2026-06-14 21:19:11,920 | INFO | X_train : (30000, 28)
2026-06-14 21:19:11,920 | INFO | X_val   : (29510, 28)
2026-06-14 21:19:11,920 | INFO | X_test  : (29075, 28)
2026-06-14 21:19:11,920 | INFO | y_train : 30000
2026-06-14 21:19:11,920 | INFO | y_val   : 29510
2026-06-14 21:19:11,920 | INFO | y_test  : 29075
2026-06-14 21:19:11,920 | INFO | Features : 28
2026-06-14 21:19:11,920 | INFO | OK Etape 3/4 : Data Preprocessing termine en 6.45s
2026-06-14 21:19:11,920 | INFO | 
2026-06-14 21:19:11,920 | INFO | ----------------------------------------------------------------------
2026-06-14 21:19:11,920 | INFO | START Etape 4/4 : Training modeles
2026-06-14 21:19:11,920 | INFO | ----------------------------------------------------------------------
2026-06-14 21:19:12,192 | WARNING | /home/tawil/.config/matplotlib is not a writable directory
2026-06-14 21:19:12,192 | WARNING | Matplotlib created a temporary cache directory at /tmp/matplotlib-i57n1ylv because there was an issue with the default path (/home/tawil/.config/matplotlib); it is highly recommended to set the MPLCONFIGDIR environment variable to a writable directory, in particular to speed up the import of Matplotlib and to better support multiprocessing.
2026-06-14 21:19:13,273 | INFO | Failed to extract font properties from /usr/share/fonts/truetype/noto/NotoColorEmoji.ttf: Can not load face (unknown file format; error code 0x2)
2026-06-14 21:19:13,357 | INFO | generated new fontManager
2026-06-14 21:19:13,870 | INFO | ======================================================================
2026-06-14 21:19:13,870 | INFO | PIPELINE MODÉLISATION — DÉBUT
2026-06-14 21:19:13,870 | INFO | ======================================================================
2026-06-14 21:19:13,878 | INFO | MLflow experiment : hospitalisation_prediction
2026-06-14 21:19:13,878 | INFO | Chargement des données features...
2026-06-14 21:19:13,918 | INFO |   Train : (30000, 28) | Taux : 7.54%
2026-06-14 21:19:13,918 | INFO |   Val   : (29510, 28) | Taux : 9.18%
2026-06-14 21:19:13,919 | INFO |   Test  : (29075, 28) | Taux : 7.58%
2026-06-14 21:19:13,919 | INFO |   Features : 28
2026-06-14 21:19:13,919 | INFO | 
======================================================================
2026-06-14 21:19:13,919 | INFO | ENTRAÎNEMENT DES MODÈLES
2026-06-14 21:19:13,919 | INFO | ======================================================================
2026-06-14 21:19:13,919 | INFO | 
── Régression Logistique Baseline ──
2026-06-14 21:19:16,742 | INFO |   LogisticRegression     | AUC=0.8949 | F1=0.5345 | Recall=0.6554 | Precision=0.4513 | Threshold=0.857
2026-06-14 21:19:16,742 | INFO |   → Modèle sauvegardé : models/logistic_regression.pkl
2026-06-14 21:19:16,743 | INFO | 
── XGBoost + Optuna ──
2026-06-14 21:19:16,743 | INFO |   scale_pos_weight : 12.27
2026-06-14 21:19:16,743 | INFO |   Optimisation Optuna (50 essais) sur VALIDATION seulement...
2026-06-14 21:19:36,828 | INFO |   Meilleurs paramètres XGBoost : {'n_estimators': 291, 'max_depth': 3, 'learning_rate': 0.025853609864229243, 'subsample': 0.9987568574380923, 'colsample_bytree': 0.9333868646457205, 'reg_alpha': 3.804524500498596, 'reg_lambda': 1.682541607714125, 'scale_pos_weight': 12.268465280849181, 'objective': 'binary:logistic', 'eval_metric': 'auc', 'random_state': 42, 'n_jobs': -1, 'tree_method': 'hist'}
2026-06-14 21:19:39,321 | INFO |   Calcul SHAP pour XGBoost...
2026-06-14 21:19:39,818 | INFO |   → SHAP sauvegardé : outputs/figures/shap_xgboost.png
2026-06-14 21:19:39,823 | INFO |   XGBoost                | AUC=0.9516 | F1=0.6259 | Recall=0.7815 | Precision=0.5219 | Threshold=0.822
2026-06-14 21:19:39,823 | INFO |   → Modèle sauvegardé : models/xgboost_best.pkl
2026-06-14 21:19:39,824 | INFO | 
── LightGBM + Optuna ──
2026-06-14 21:19:39,825 | INFO |   Optimisation Optuna (50 essais) sur VALIDATION seulement...
2026-06-14 21:19:56,235 | INFO |   Calcul SHAP pour LightGBM...
2026-06-14 21:19:56,739 | INFO |   → SHAP sauvegardé : outputs/figures/shap_lightgbm.png
2026-06-14 21:19:56,744 | INFO |   LightGBM               | AUC=0.9517 | F1=0.6306 | Recall=0.7542 | Precision=0.5417 | Threshold=0.728
2026-06-14 21:19:56,744 | INFO |   → Modèle sauvegardé : models/lightgbm_best.pkl
2026-06-14 21:19:56,745 | INFO | 
── Comparaison des modèles sur VALIDATION ──
2026-06-14 21:19:56,745 | INFO |   LogisticRegression     | AUC=0.8949 | F1=0.5345 | Recall=0.6554 | Precision=0.4513 | Threshold=0.857
2026-06-14 21:19:56,745 | INFO |   XGBoost                | AUC=0.9516 | F1=0.6259 | Recall=0.7815 | Precision=0.5219 | Threshold=0.822
2026-06-14 21:19:56,745 | INFO |   LightGBM               | AUC=0.9517 | F1=0.6306 | Recall=0.7542 | Precision=0.5417 | Threshold=0.728
2026-06-14 21:19:56,746 | INFO | 
🏆 Meilleur modèle : LightGBM | AUC validation = 0.9517
2026-06-14 21:19:56,746 | INFO | 
── Évaluation finale TEST : LightGBM ──
2026-06-14 21:19:56,804 | INFO |   LightGBM TEST          | AUC=0.9679 | F1=0.5951 | Recall=0.5488 | Precision=0.6500 | Threshold=0.728
2026-06-14 21:19:56,804 | INFO |   Confusion Matrix : {'tn': 26221, 'fp': 651, 'fn': 994, 'tp': 1209}
2026-06-14 21:19:56,808 | INFO |   → best_model sauvegardé : models/best_model.pkl
2026-06-14 21:19:56,808 | INFO |   → threshold sauvegardé : models/threshold.json
2026-06-14 21:19:56,808 | INFO |   → infos modèle sauvegardées : models/best_model_info.json
2026-06-14 21:19:56,808 | INFO |   → métriques sauvegardées : outputs/reports/training_metrics.json
2026-06-14 21:19:56,808 | INFO | ======================================================================
2026-06-14 21:19:56,808 | INFO | PIPELINE MODÉLISATION — TERMINÉ ✅
2026-06-14 21:19:56,808 | INFO | 🏆 Meilleur modèle : LightGBM | AUC validation : 0.9517
2026-06-14 21:19:56,808 | INFO | Prochaine étape : mlflow ui
2026-06-14 21:19:56,808 | INFO | ======================================================================
2026-06-14 21:19:56,808 | INFO | OK fichier best_model : models/best_model.pkl
2026-06-14 21:19:56,808 | INFO | OK fichier best_model_info : models/best_model_info.json
2026-06-14 21:19:56,808 | INFO | Best model : LightGBM
2026-06-14 21:19:56,809 | INFO | Best AUC   : 0.9517
2026-06-14 21:19:56,809 | INFO | OK Etape 4/4 : Training modeles termine en 44.89s
2026-06-14 21:19:56,809 | INFO | ======================================================================
2026-06-14 21:19:56,809 | INFO | PIPELINE MLOPS COMPLET — TERMINE
2026-06-14 21:19:56,809 | INFO | ======================================================================
2026-06-14 21:19:56,809 | INFO | Duree totale : 137.65s
2026-06-14 21:19:56,809 | INFO | Patients cleaned : 88,585
2026-06-14 21:19:56,809 | INFO | Train : (30000, 28)
2026-06-14 21:19:56,809 | INFO | Validation : (29510, 28)
2026-06-14 21:19:56,809 | INFO | Test : (29075, 28)
2026-06-14 21:19:56,809 | INFO | Nombre features : 28
2026-06-14 21:19:56,809 | INFO | Meilleur modele : LightGBM
2026-06-14 21:19:56,809 | INFO | AUC validation : 0.9517
2026-06-14 21:19:56,809 | INFO | Prochaine commande : mlflow ui --backend-store-uri mlruns --host 0.0.0.0 --port 5000
